2024-08-16T09:58:55+00:00 NOTICE webhooks :: Ran plugin updater
2024-08-16T10:27:43+00:00 NOTICE handleOrderUpdate :: order_status
2024-08-16T10:27:43+00:00 NOTICE handleOrderUpdate :: order_status
2024-08-16T10:50:07+00:00 NOTICE profile :: user_update_subscribe_status :: Array
(
    [subscribed] => 
    [user_id] => 2
    [gdpr_fields] => 
)

2024-08-16T11:07:05+00:00 NOTICE handleOrderUpdate :: order_status
2024-08-16T11:07:06+00:00 NOTICE handleOrderUpdate :: order_status
2024-08-16T11:25:02+00:00 NOTICE handleOrderUpdate :: order_status
2024-08-16T11:25:02+00:00 NOTICE handleOrderUpdate :: order_status
2024-08-16T13:53:49+00:00 NOTICE handleOrderUpdate :: order_status
2024-08-16T13:53:49+00:00 NOTICE handleOrderUpdate :: order_status
2024-08-16T13:58:53+00:00 NOTICE handleOrderUpdate :: order_status
2024-08-16T13:58:53+00:00 NOTICE handleOrderUpdate :: order_status
2024-08-16T13:58:53+00:00 NOTICE handleOrderUpdate :: order_status
2024-08-16T14:00:23+00:00 NOTICE handleOrderUpdate :: order_status
2024-08-16T14:00:23+00:00 NOTICE handleOrderUpdate :: order_status
2024-08-16T14:00:23+00:00 NOTICE handleOrderUpdate :: order_status
2024-08-16T14:00:57+00:00 NOTICE handleOrderUpdate :: order_status
2024-08-16T14:00:57+00:00 NOTICE handleOrderUpdate :: order_status
2024-08-16T14:00:57+00:00 NOTICE handleOrderUpdate :: order_status
2024-08-16T14:01:56+00:00 NOTICE handleOrderUpdate :: order_status
2024-08-16T14:01:56+00:00 NOTICE handleOrderUpdate :: order_status
2024-08-16T14:01:56+00:00 NOTICE handleOrderUpdate :: order_status
2024-08-16T14:09:16+00:00 NOTICE handleOrderUpdate :: order_status
2024-08-16T14:09:16+00:00 NOTICE handleOrderUpdate :: order_status
2024-08-16T14:10:21+00:00 NOTICE handleOrderUpdate :: order_status
2024-08-16T14:10:21+00:00 NOTICE handleOrderUpdate :: order_status
2024-08-16T14:10:21+00:00 NOTICE handleOrderUpdate :: order_status
